#
# A fatal error has been detected by the Java Runtime Environment:
#
#  EXCEPTION_ACCESS_VIOLATION (0xc0000005) at pc=0x0000000067460940, pid=22892, tid=0x0000000000004bdc
#
# JRE version: Java(TM) SE Runtime Environment (8.0_221-b11) (build 1.8.0_221-b11)
# Java VM: Java HotSpot(TM) 64-Bit Server VM (25.221-b11 mixed mode windows-amd64 compressed oops)
# Problematic frame:
# V  [jvm.dll+0xb0940]
#
# Failed to write core dump. Minidumps are not enabled by default on client versions of Windows
#
# If you would like to submit a bug report, please visit:
#   http://bugreport.java.com/bugreport/crash.jsp
#

---------------  T H R E A D  ---------------

Current thread (0x0000000002694000):  GCTaskThread [stack: 0x00000000122f0000,0x00000000123f0000] [id=19420]

siginfo: ExceptionCode=0xc0000005, reading address 0x0000000000000010

Registers:
RAX=0x0000000000000001, RBX=0x00000000fdd86e58, RCX=0x00000000fdd86e58, RDX=0x0000000000000008
RSP=0x00000000123efaa8, RBP=0x0000000000000000, RSI=0x0000000013fd5f40, RDI=0x000000001ebacab0
R8 =0x0000000013fd5f40, R9 =0x0000000100000208, R10=0x000000000000000c, R11=0x000000000000000c
R12=0x0000000067a0c9f8, R13=0x000000000000000d, R14=0x0000000000000000, R15=0x0000000002694240
RIP=0x0000000067460940, EFLAGS=0x0000000000010202

Top of Stack: (sp=0x00000000123efaa8)
0x00000000123efaa8:   00000000677b4552 00000000fdd86e08
0x00000000123efab8:   0000000000000003 0000000013fd5f40
0x00000000123efac8:   000000000268e800 0000000000000000
0x00000000123efad8:   00000000677b4c9b 00000000f0e329f8
0x00000000123efae8:   0000000000000400 0000000000000000
0x00000000123efaf8:   000000000268e801 0000000067a0c9f8
0x00000000123efb08:   00000000677b48c0 00000000f0e33954
0x00000000123efb18:   0000000000000000 0000000013fd5f40
0x00000000123efb28:   000000001ebacab0 00000000f0e33954
0x00000000123efb38:   00000000677b5295 00000000fdd705c0
0x00000000123efb48:   0000000000000000 0000000013fd5f40
0x00000000123efb58:   0000000011bb2800 00000000f0500000
0x00000000123efb68:   00000000675c7d5d 0000000011bb2c00
0x00000000123efb78:   0000000011bb28ac 0000000000000400
0x00000000123efb88:   0000000000000000 0000000002670f50
0x00000000123efb98:   00000000675ce9d2 0000000002694000 

Instructions: (pc=0x0000000067460940)
0x0000000067460920:   ec de 1d 00 48 8b 9c 24 d0 00 00 00 48 81 c4 c0
0x0000000067460930:   00 00 00 5d c3 cc cc cc cc cc cc cc cc cc cc cc
0x0000000067460940:   44 8b 42 08 4c 8b ca 45 85 c0 7e 0e 41 f6 c0 01
0x0000000067460950:   75 57 41 c1 f8 03 41 8b c0 c3 79 4d 80 3d de 5f 


Register to memory mapping:

RAX=0x0000000000000001 is an unknown value
RBX=0x00000000fdd86e58 is an oop

[error occurred during error reporting (printing register info), id 0xc0000005]

Stack: [0x00000000122f0000,0x00000000123f0000],  sp=0x00000000123efaa8,  free space=1022k
Native frames: (J=compiled Java code, j=interpreted, Vv=VM code, C=native code)


---------------  P R O C E S S  ---------------

Java Threads: ( => current thread )
  0x000000001c5d4800 JavaThread "Build operations Thread 8" [_thread_blocked, id=3164, stack(0x00000000217d0000,0x00000000218d0000)]
  0x000000001c5d3800 JavaThread "Build operations Thread 7" [_thread_blocked, id=14612, stack(0x00000000216d0000,0x00000000217d0000)]
  0x000000001c5d0000 JavaThread "Cache worker for execution history cache (D:\Vue-Project\backend\.gradle\6.0.1\executionHistory)" [_thread_blocked, id=9620, stack(0x00000000215d0000,0x00000000216d0000)]
  0x000000001c5d6000 JavaThread "Execution worker for ':' Thread 7" [_thread_blocked, id=17372, stack(0x00000000214d0000,0x00000000215d0000)]
  0x000000001c5d3000 JavaThread "Execution worker for ':' Thread 6" [_thread_blocked, id=15348, stack(0x00000000213d0000,0x00000000214d0000)]
  0x000000001c5c9000 JavaThread "Execution worker for ':' Thread 5" [_thread_blocked, id=25260, stack(0x00000000212d0000,0x00000000213d0000)]
  0x000000001c5c8000 JavaThread "Execution worker for ':' Thread 4" [_thread_blocked, id=5292, stack(0x00000000211d0000,0x00000000212d0000)]
  0x000000001c5cf000 JavaThread "Execution worker for ':' Thread 3" [_thread_blocked, id=13072, stack(0x00000000210d0000,0x00000000211d0000)]
  0x000000001c5c7800 JavaThread "Execution worker for ':' Thread 2" [_thread_blocked, id=13724, stack(0x0000000020cf0000,0x0000000020df0000)]
  0x000000001c5ce800 JavaThread "Execution worker for ':'" [_thread_blocked, id=9016, stack(0x00000000207f0000,0x00000000208f0000)]
  0x000000001c5cd800 JavaThread "Cache worker for file content cache (D:\Vue-Project\backend\.gradle\6.0.1\fileContent)" [_thread_blocked, id=9688, stack(0x00000000206f0000,0x00000000207f0000)]
  0x000000001c5cc800 JavaThread "Cache worker for Build Output Cleanup Cache (D:\Vue-Project\backend\.gradle\buildOutputCleanup)" [_thread_blocked, id=14596, stack(0x00000000205f0000,0x00000000206f0000)]
  0x000000001c5cc000 JavaThread "Build operations Thread 6" [_thread_blocked, id=24684, stack(0x00000000204f0000,0x00000000205f0000)]
  0x000000001c5ca800 JavaThread "Build operations Thread 5" [_thread_blocked, id=21528, stack(0x00000000203f0000,0x00000000204f0000)]
  0x0000000017a6a000 JavaThread "Build operations Thread 4" [_thread_blocked, id=9616, stack(0x00000000202f0000,0x00000000203f0000)]
  0x0000000017a69000 JavaThread "Build operations Thread 3" [_thread_blocked, id=20944, stack(0x00000000201f0000,0x00000000202f0000)]
  0x0000000017a6b800 JavaThread "Build operations Thread 2" [_thread_blocked, id=10832, stack(0x000000001fcf0000,0x000000001fdf0000)]
  0x0000000017a67000 JavaThread "Build operations" [_thread_blocked, id=24024, stack(0x000000001d380000,0x000000001d480000)]
  0x0000000017a68800 JavaThread "Cache worker for cache directory md-rule (C:\Users\acer\.gradle\caches\6.0.1\md-rule)" [_thread_blocked, id=3596, stack(0x000000001d280000,0x000000001d380000)]
  0x0000000017a6a800 JavaThread "Cache worker for cache directory md-supplier (C:\Users\acer\.gradle\caches\6.0.1\md-supplier)" [_thread_blocked, id=9976, stack(0x000000001d180000,0x000000001d280000)]
  0x0000000017a5f000 JavaThread "Cache worker for file hash cache (D:\Vue-Project\backend\.gradle\6.0.1\fileHashes)" [_thread_blocked, id=9912, stack(0x000000001a6e0000,0x000000001a7e0000)]
  0x0000000017a66000 JavaThread "Thread-846" [_thread_blocked, id=13956, stack(0x000000001a5e0000,0x000000001a6e0000)]
  0x0000000017a65800 JavaThread "Stdin handler" [_thread_blocked, id=5612, stack(0x000000001a3e0000,0x000000001a4e0000)]
  0x0000000017a64800 JavaThread "Asynchronous log dispatcher for DefaultDaemonConnection: socket connection from /127.0.0.1:59601 to /127.0.0.1:60162" [_thread_blocked, id=21748, stack(0x000000001a0e0000,0x000000001a1e0000)]
  0x0000000017a64000 JavaThread "Cancel handler" [_thread_blocked, id=15912, stack(0x0000000019ee0000,0x0000000019fe0000)]
  0x0000000017a60000 JavaThread "Handler for socket connection from /127.0.0.1:59601 to /127.0.0.1:60162" [_thread_in_native, id=13700, stack(0x0000000019de0000,0x0000000019ee0000)]
  0x000000001c550000 JavaThread "Exec process Thread 12" [_thread_blocked, id=18920, stack(0x0000000026b30000,0x0000000026c30000)]
  0x000000001e511800 JavaThread "Exec process Thread 11" [_thread_blocked, id=7616, stack(0x0000000024070000,0x0000000024170000)]
  0x000000001e510800 JavaThread "Exec process Thread 10" [_thread_blocked, id=9320, stack(0x00000000224e0000,0x00000000225e0000)]
  0x000000001e510000 JavaThread "Daemon worker Thread 7" [_thread_blocked, id=5552, stack(0x0000000019fe0000,0x000000001a0e0000)]
  0x000000001e504000 JavaThread "Daemon Thread 6" [_thread_blocked, id=6840, stack(0x0000000000b30000,0x0000000000c30000)]
  0x000000001e50d800 JavaThread "Cache worker for Java compile cache (C:\Users\acer\.gradle\caches\6.0.1\javaCompile)" [_thread_blocked, id=8856, stack(0x00000000223e0000,0x00000000224e0000)]
  0x000000001e50c000 JavaThread "Cache worker for file content cache (C:\Users\acer\.gradle\caches\6.0.1\fileContent)" [_thread_blocked, id=21196, stack(0x0000000020bf0000,0x0000000020cf0000)]
  0x000000001e50b800 JavaThread "Memory manager" [_thread_blocked, id=21080, stack(0x0000000020af0000,0x0000000020bf0000)]
  0x000000001e505800 JavaThread "Cache worker for execution history cache (C:\Users\acer\.gradle\caches\6.0.1\executionHistory)" [_thread_blocked, id=25172, stack(0x000000001d080000,0x000000001d180000)]
  0x0000000015e4f800 JavaThread "Cache worker for journal cache (C:\Users\acer\.gradle\caches\journal-1)" [_thread_blocked, id=17140, stack(0x000000001a9e0000,0x000000001aae0000)]
  0x0000000015e54800 JavaThread "File lock request listener" [_thread_in_native, id=5576, stack(0x000000001a8e0000,0x000000001a9e0000)]
  0x0000000015e56000 JavaThread "Cache worker for file hash cache (C:\Users\acer\.gradle\caches\6.0.1\fileHashes)" [_thread_blocked, id=20956, stack(0x000000001a7e0000,0x000000001a8e0000)]
  0x00000000188aa000 JavaThread "Daemon periodic checks" [_thread_blocked, id=18888, stack(0x0000000019ce0000,0x0000000019de0000)]
  0x00000000188a8000 JavaThread "Incoming local TCP Connector on port 59601" [_thread_in_native, id=10072, stack(0x0000000019aa0000,0x0000000019ba0000)]
  0x0000000018867800 JavaThread "Daemon health stats" [_thread_blocked, id=17744, stack(0x0000000019460000,0x0000000019560000)]
  0x0000000015ee0000 JavaThread "Service Thread" daemon [_thread_blocked, id=14504, stack(0x0000000016ac0000,0x0000000016bc0000)]
  0x0000000015e55800 JavaThread "C1 CompilerThread3" daemon [_thread_blocked, id=22704, stack(0x00000000169c0000,0x0000000016ac0000)]
  0x0000000015dfa000 JavaThread "C2 CompilerThread2" daemon [_thread_blocked, id=20976, stack(0x00000000168c0000,0x00000000169c0000)]
  0x0000000015df8800 JavaThread "C2 CompilerThread1" daemon [_thread_blocked, id=25296, stack(0x00000000167c0000,0x00000000168c0000)]
  0x0000000015df6800 JavaThread "C2 CompilerThread0" daemon [_thread_blocked, id=17608, stack(0x00000000166c0000,0x00000000167c0000)]
  0x0000000015df1800 JavaThread "Attach Listener" daemon [_thread_blocked, id=18544, stack(0x00000000165c0000,0x00000000166c0000)]
  0x0000000015def800 JavaThread "Signal Dispatcher" daemon [_thread_blocked, id=20412, stack(0x00000000164c0000,0x00000000165c0000)]
  0x0000000013fde000 JavaThread "Finalizer" daemon [_thread_blocked, id=23516, stack(0x00000000162c0000,0x00000000163c0000)]
  0x0000000013fdd800 JavaThread "Reference Handler" daemon [_thread_blocked, id=15980, stack(0x00000000161c0000,0x00000000162c0000)]
  0x000000000266e800 JavaThread "main" [_thread_blocked, id=6216, stack(0x00000000024c0000,0x00000000025c0000)]

Other Threads:
  0x0000000013fd8000 VMThread [stack: 0x0000000015cc0000,0x0000000015dc0000] [id=17392]
  0x0000000015e98000 WatcherThread [stack: 0x0000000016bc0000,0x0000000016cc0000] [id=13824]

=>0x0000000002694000 (exited) GCTaskThread [stack: 0x00000000122f0000,0x00000000123f0000] [id=19420]

VM state:at safepoint (normal execution)

VM Mutex/Monitor currently owned by a thread:  ([mutex/lock_event])
[0x000000000266cf30] Threads_lock - owner thread: 0x0000000013fd8000
[0x000000000266d3b0] Heap_lock - owner thread: 0x000000001c5c9000

heap address: 0x00000000e0000000, size: 512 MB, Compressed Oops mode: 32-bit
Narrow klass base: 0x0000000000000000, Narrow klass shift: 3
Compressed class space size: 1073741824 Address: 0x0000000100000000

Heap:
 PSYoungGen      total 153088K, used 152660K [0x00000000f5580000, 0x0000000100000000, 0x0000000100000000)
  eden space 135168K, 100% used [0x00000000f5580000,0x00000000fd980000,0x00000000fd980000)
  from space 17920K, 97% used [0x00000000fd980000,0x00000000fea95080,0x00000000feb00000)
  to   space 20992K, 27% used [0x00000000feb80000,0x00000000ff11a450,0x0000000100000000)
 ParOldGen       total 349696K, used 280898K [0x00000000e0000000, 0x00000000f5580000, 0x00000000f5580000)
  object space 349696K, 80% used [0x00000000e0000000,0x00000000f1250b88,0x00000000f5580000)
 Metaspace       used 63380K, capacity 67150K, committed 71640K, reserved 1112064K
  class space    used 8140K, capacity 8877K, committed 9472K, reserved 1048576K

Card table byte_map: [0x0000000011b30000,0x0000000011c40000] byte_map_base: 0x0000000011430000

Marking Bits: (ParMarkBitMap*) 0x0000000067bd5ce0
 Begin Bits: [0x00000000124f0000, 0x0000000012cf0000)
 End Bits:   [0x0000000012cf0000, 0x00000000134f0000)

Polling page: 0x00000000003f0000

CodeCache: size=245760Kb used=56931Kb max_used=60313Kb free=188828Kb
 bounds [0x0000000002770000, 0x00000000062f0000, 0x0000000011770000]
 total_blobs=15204 nmethods=14438 adapters=676
 compilation: enabled

Compilation events (10 events):
Event: 16164.231 Thread 0x0000000015df8800 23016       4       io.spring.gradle.dependencymanagement.org.apache.maven.model.io.xpp3.MavenXpp3Reader::initParser (2982 bytes)
Event: 16164.269 Thread 0x0000000015df8800 nmethod 23016 0x0000000005bb2250 code [0x0000000005bb3320, 0x0000000005bb6500]
Event: 16164.315 Thread 0x0000000015df6800 23017       4       java.lang.String::getBytes (27 bytes)
Event: 16164.323 Thread 0x0000000015dfa000 23018       4       org.gradle.api.internal.artifacts.dependencies.AbstractModuleDependency::setTransitive (22 bytes)
Event: 16164.328 Thread 0x0000000015dfa000 nmethod 23018 0x00000000046d7450 code [0x00000000046d75a0, 0x00000000046d76f8]
Event: 16164.331 Thread 0x0000000015df6800 nmethod 23017 0x0000000004f9e6d0 code [0x0000000004f9e880, 0x0000000004f9f0e8]
Event: 16164.353 Thread 0x0000000015df8800 23019   !   4       com.google.common.cache.LocalCache$Segment::storeLoadedValue (371 bytes)
Event: 16164.353 Thread 0x0000000015dfa000 23020       4       com.google.common.cache.LocalCache$LoadingValueReference::notifyNewValue (21 bytes)
Event: 16164.360 Thread 0x0000000015dfa000 nmethod 23020 0x00000000035af290 code [0x00000000035af3e0, 0x00000000035af558]
Event: 16164.518 Thread 0x0000000015df8800 nmethod 23019 0x0000000005f0cd50 code [0x0000000005f0d200, 0x0000000005f109b8]

GC Heap History (10 events):
Event: 11333.859 GC heap after
Heap after GC invocations=135 (full 6):
 PSYoungGen      total 140288K, used 9459K [0x00000000f5580000, 0x00000000ffd00000, 0x0000000100000000)
  eden space 130560K, 0% used [0x00000000f5580000,0x00000000f5580000,0x00000000fd500000)
  from space 9728K, 97% used [0x00000000fd500000,0x00000000fde3ced8,0x00000000fde80000)
  to   space 20480K, 0% used [0x00000000fe900000,0x00000000fe900000,0x00000000ffd00000)
 ParOldGen       total 349696K, used 250381K [0x00000000e0000000, 0x00000000f5580000, 0x00000000f5580000)
  object space 349696K, 71% used [0x00000000e0000000,0x00000000ef483568,0x00000000f5580000)
 Metaspace       used 62242K, capacity 65916K, committed 71640K, reserved 1112064K
  class space    used 7995K, capacity 8701K, committed 9472K, reserved 1048576K
}
Event: 12311.726 GC heap before
{Heap before GC invocations=136 (full 6):
 PSYoungGen      total 140288K, used 140019K [0x00000000f5580000, 0x00000000ffd00000, 0x0000000100000000)
  eden space 130560K, 100% used [0x00000000f5580000,0x00000000fd500000,0x00000000fd500000)
  from space 9728K, 97% used [0x00000000fd500000,0x00000000fde3ced8,0x00000000fde80000)
  to   space 20480K, 0% used [0x00000000fe900000,0x00000000fe900000,0x00000000ffd00000)
 ParOldGen       total 349696K, used 250381K [0x00000000e0000000, 0x00000000f5580000, 0x00000000f5580000)
  object space 349696K, 71% used [0x00000000e0000000,0x00000000ef483568,0x00000000f5580000)
 Metaspace       used 62261K, capacity 65922K, committed 71640K, reserved 1112064K
  class space    used 7995K, capacity 8702K, committed 9472K, reserved 1048576K
Event: 12311.946 GC heap after
Heap after GC invocations=136 (full 6):
 PSYoungGen      total 152064K, used 9321K [0x00000000f5580000, 0x0000000100000000, 0x0000000100000000)
  eden space 131584K, 0% used [0x00000000f5580000,0x00000000f5580000,0x00000000fd600000)
  from space 20480K, 45% used [0x00000000fe900000,0x00000000ff21a450,0x00000000ffd00000)
  to   space 19456K, 0% used [0x00000000fd600000,0x00000000fd600000,0x00000000fe900000)
 ParOldGen       total 349696K, used 259653K [0x00000000e0000000, 0x00000000f5580000, 0x00000000f5580000)
  object space 349696K, 74% used [0x00000000e0000000,0x00000000efd91720,0x00000000f5580000)
 Metaspace       used 62261K, capacity 65922K, committed 71640K, reserved 1112064K
  class space    used 7995K, capacity 8702K, committed 9472K, reserved 1048576K
}
Event: 12379.076 GC heap before
{Heap before GC invocations=137 (full 6):
 PSYoungGen      total 152064K, used 140905K [0x00000000f5580000, 0x0000000100000000, 0x0000000100000000)
  eden space 131584K, 100% used [0x00000000f5580000,0x00000000fd600000,0x00000000fd600000)
  from space 20480K, 45% used [0x00000000fe900000,0x00000000ff21a450,0x00000000ffd00000)
  to   space 19456K, 0% used [0x00000000fd600000,0x00000000fd600000,0x00000000fe900000)
 ParOldGen       total 349696K, used 259653K [0x00000000e0000000, 0x00000000f5580000, 0x00000000f5580000)
  object space 349696K, 74% used [0x00000000e0000000,0x00000000efd91720,0x00000000f5580000)
 Metaspace       used 62289K, capacity 65986K, committed 71640K, reserved 1112064K
  class space    used 7996K, capacity 8702K, committed 9472K, reserved 1048576K
Event: 12379.081 GC heap after
Heap after GC invocations=137 (full 6):
 PSYoungGen      total 151040K, used 3136K [0x00000000f5580000, 0x0000000100000000, 0x0000000100000000)
  eden space 131584K, 0% used [0x00000000f5580000,0x00000000f5580000,0x00000000fd600000)
  from space 19456K, 16% used [0x00000000fd600000,0x00000000fd910000,0x00000000fe900000)
  to   space 19968K, 0% used [0x00000000fec80000,0x00000000fec80000,0x0000000100000000)
 ParOldGen       total 349696K, used 259842K [0x00000000e0000000, 0x00000000f5580000, 0x00000000f5580000)
  object space 349696K, 74% used [0x00000000e0000000,0x00000000efdc0b60,0x00000000f5580000)
 Metaspace       used 62289K, capacity 65986K, committed 71640K, reserved 1112064K
  class space    used 7996K, capacity 8702K, committed 9472K, reserved 1048576K
}
Event: 12379.423 GC heap before
{Heap before GC invocations=138 (full 6):
 PSYoungGen      total 151040K, used 134720K [0x00000000f5580000, 0x0000000100000000, 0x0000000100000000)
  eden space 131584K, 100% used [0x00000000f5580000,0x00000000fd600000,0x00000000fd600000)
  from space 19456K, 16% used [0x00000000fd600000,0x00000000fd910000,0x00000000fe900000)
  to   space 19968K, 0% used [0x00000000fec80000,0x00000000fec80000,0x0000000100000000)
 ParOldGen       total 349696K, used 259842K [0x00000000e0000000, 0x00000000f5580000, 0x00000000f5580000)
  object space 349696K, 74% used [0x00000000e0000000,0x00000000efdc0b60,0x00000000f5580000)
 Metaspace       used 62289K, capacity 65986K, committed 71640K, reserved 1112064K
  class space    used 7996K, capacity 8702K, committed 9472K, reserved 1048576K
Event: 12379.448 GC heap after
Heap after GC invocations=138 (full 6):
 PSYoungGen      total 153600K, used 7968K [0x00000000f5580000, 0x00000000ffe80000, 0x0000000100000000)
  eden space 135168K, 0% used [0x00000000f5580000,0x00000000f5580000,0x00000000fd980000)
  from space 18432K, 43% used [0x00000000fec80000,0x00000000ff448000,0x00000000ffe80000)
  to   space 18944K, 0% used [0x00000000fd980000,0x00000000fd980000,0x00000000fec00000)
 ParOldGen       total 349696K, used 262268K [0x00000000e0000000, 0x00000000f5580000, 0x00000000f5580000)
  object space 349696K, 74% used [0x00000000e0000000,0x00000000f001f388,0x00000000f5580000)
 Metaspace       used 62289K, capacity 65986K, committed 71640K, reserved 1112064K
  class space    used 7996K, capacity 8702K, committed 9472K, reserved 1048576K
}
Event: 12381.030 GC heap before
{Heap before GC invocations=139 (full 6):
 PSYoungGen      total 153600K, used 143136K [0x00000000f5580000, 0x00000000ffe80000, 0x0000000100000000)
  eden space 135168K, 100% used [0x00000000f5580000,0x00000000fd980000,0x00000000fd980000)
  from space 18432K, 43% used [0x00000000fec80000,0x00000000ff448000,0x00000000ffe80000)
  to   space 18944K, 0% used [0x00000000fd980000,0x00000000fd980000,0x00000000fec00000)
 ParOldGen       total 349696K, used 262268K [0x00000000e0000000, 0x00000000f5580000, 0x00000000f5580000)
  object space 349696K, 74% used [0x00000000e0000000,0x00000000f001f388,0x00000000f5580000)
 Metaspace       used 62567K, capacity 66312K, committed 71640K, reserved 1112064K
  class space    used 8039K, capacity 8748K, committed 9472K, reserved 1048576K
Event: 12381.067 GC heap after
Heap after GC invocations=139 (full 6):
 PSYoungGen      total 153088K, used 17492K [0x00000000f5580000, 0x0000000100000000, 0x0000000100000000)
  eden space 135168K, 0% used [0x00000000f5580000,0x00000000f5580000,0x00000000fd980000)
  from space 17920K, 97% used [0x00000000fd980000,0x00000000fea95080,0x00000000feb00000)
  to   space 20992K, 0% used [0x00000000feb80000,0x00000000feb80000,0x0000000100000000)
 ParOldGen       total 349696K, used 267349K [0x00000000e0000000, 0x00000000f5580000, 0x00000000f5580000)
  object space 349696K, 76% used [0x00000000e0000000,0x00000000f0515730,0x00000000f5580000)
 Metaspace       used 62567K, capacity 66312K, committed 71640K, reserved 1112064K
  class space    used 8039K, capacity 8748K, committed 9472K, reserved 1048576K
}
Event: 16164.549 GC heap before
{Heap before GC invocations=140 (full 6):
 PSYoungGen      total 153088K, used 152660K [0x00000000f5580000, 0x0000000100000000, 0x0000000100000000)
  eden space 135168K, 100% used [0x00000000f5580000,0x00000000fd980000,0x00000000fd980000)
  from space 17920K, 97% used [0x00000000fd980000,0x00000000fea95080,0x00000000feb00000)
  to   space 20992K, 0% used [0x00000000feb80000,0x00000000feb80000,0x0000000100000000)
 ParOldGen       total 349696K, used 267349K [0x00000000e0000000, 0x00000000f5580000, 0x00000000f5580000)
  object space 349696K, 76% used [0x00000000e0000000,0x00000000f0515730,0x00000000f5580000)
 Metaspace       used 63380K, capacity 67150K, committed 71640K, reserved 1112064K
  class space    used 8140K, capacity 8877K, committed 9472K, reserved 1048576K

Deoptimization events (10 events):
Event: 11282.772 Thread 0x000000001c553000 Uncommon trap: reason=unstable_if action=reinterpret pc=0x00000000043fa718 method=com.google.common.cache.LongAdder.add(J)V @ 24
Event: 11283.854 Thread 0x000000001c5c9000 Uncommon trap: reason=unstable_if action=reinterpret pc=0x00000000034e87bc method=com.sun.tools.javac.parser.JavacParser.annotationsOpt(Lcom/sun/tools/javac/tree/JCTree$Tag;)Lcom/sun/tools/javac/util/List; @ 10
Event: 11283.856 Thread 0x000000001c5c9000 Uncommon trap: reason=unstable_if action=reinterpret pc=0x0000000004cec6b4 method=com.sun.tools.javac.parser.JavacParser.annotation(ILcom/sun/tools/javac/tree/JCTree$Tag;)Lcom/sun/tools/javac/tree/JCTree$JCAnnotation; @ 8
Event: 11283.861 Thread 0x000000001c5c9000 Uncommon trap: reason=unstable_if action=reinterpret pc=0x0000000005adc7b0 method=java.util.RegularEnumSet.remove(Ljava/lang/Object;)Z @ 65
Event: 11283.862 Thread 0x000000001c5c9000 Uncommon trap: reason=unstable_if action=reinterpret pc=0x000000000408f788 method=com.sun.tools.javac.parser.JavacParser.accept(Lcom/sun/tools/javac/parser/Tokens$TokenKind;)V @ 8
Event: 11283.864 Thread 0x000000001c5c9000 Uncommon trap: reason=unstable_if action=reinterpret pc=0x00000000035c1a60 method=com.sun.tools.javac.parser.JavacParser.ident()Lcom/sun/tools/javac/util/Name; @ 10
Event: 11283.865 Thread 0x000000001c5c9000 Uncommon trap: reason=unstable_if action=reinterpret pc=0x00000000047ff578 method=com.sun.tools.javac.parser.JavacParser.term3()Lcom/sun/tools/javac/tree/JCTree$JCExpression; @ 1716
Event: 11283.868 Thread 0x000000001c5c9000 Uncommon trap: reason=unstable_if action=reinterpret pc=0x000000000523af50 method=com.sun.tools.javac.parser.JavacParser.ident()Lcom/sun/tools/javac/util/Name; @ 10
Event: 11332.575 Thread 0x000000001c54b000 Uncommon trap: reason=unstable_if action=reinterpret pc=0x000000000498b7c8 method=lombok.javac.JavacNode.calculateIsStructurallySignificant(Lcom/sun/tools/javac/tree/JCTree;)Z @ 55
Event: 16163.851 Thread 0x0000000017a64800 Uncommon trap: reason=unstable_if action=reinterpret pc=0x00000000039ef348 method=com.esotericsoftware.kryo.io.Output.writeVarLong(JZ)I @ 55

Classes redefined (0 events):
No events

Internal exceptions (10 events):
Event: 16154.521 Thread 0x000000001c5cc800 Exception <a 'java/io/IOException'> (0x00000000fb6b3990) thrown at [C:\re\workspace\8-2-build-windows-amd64-cygwin\jdk8u221\13320\hotspot\src\share\vm\prims\jni.cpp, line 710]
Event: 16154.549 Thread 0x000000001c5cc000 Exception <a 'java/io/IOException'> (0x00000000fb1e37c8) thrown at [C:\re\workspace\8-2-build-windows-amd64-cygwin\jdk8u221\13320\hotspot\src\share\vm\prims\jni.cpp, line 710]
Event: 16154.628 Thread 0x000000001c54c800 Exception <a 'java/lang/reflect/InvocationTargetException'> (0x00000000f98c1e40) thrown at [C:\re\workspace\8-2-build-windows-amd64-cygwin\jdk8u221\13320\hotspot\src\share\vm\runtime\reflection.cpp, line 1092]
Event: 16155.044 Thread 0x000000001e504000 Exception <a 'java/io/IOException'> (0x00000000fb78cdb0) thrown at [C:\re\workspace\8-2-build-windows-amd64-cygwin\jdk8u221\13320\hotspot\src\share\vm\prims\jni.cpp, line 710]
Event: 16155.044 Thread 0x000000001e504000 Exception <a 'java/io/IOException'> (0x00000000fb78e090) thrown at [C:\re\workspace\8-2-build-windows-amd64-cygwin\jdk8u221\13320\hotspot\src\share\vm\prims\jni.cpp, line 710]
Event: 16155.045 Thread 0x000000001e504000 Exception <a 'java/io/IOException'> (0x00000000fb78f360) thrown at [C:\re\workspace\8-2-build-windows-amd64-cygwin\jdk8u221\13320\hotspot\src\share\vm\prims\jni.cpp, line 710]
Event: 16155.045 Thread 0x000000001e504000 Exception <a 'java/lang/reflect/InvocationTargetException'> (0x00000000fb78fda8) thrown at [C:\re\workspace\8-2-build-windows-amd64-cygwin\jdk8u221\13320\hotspot\src\share\vm\runtime\reflection.cpp, line 1092]
Event: 16155.045 Thread 0x000000001e504000 Exception <a 'java/io/IOException'> (0x00000000fb790298) thrown at [C:\re\workspace\8-2-build-windows-amd64-cygwin\jdk8u221\13320\hotspot\src\share\vm\prims\jni.cpp, line 710]
Event: 16155.056 Thread 0x000000001e504000 Exception <a 'java/io/IOException'> (0x00000000fb7b3660) thrown at [C:\re\workspace\8-2-build-windows-amd64-cygwin\jdk8u221\13320\hotspot\src\share\vm\prims\jni.cpp, line 710]
Event: 16155.057 Thread 0x000000001e504000 Exception <a 'java/io/IOException'> (0x00000000fb7b6e98) thrown at [C:\re\workspace\8-2-build-windows-amd64-cygwin\jdk8u221\13320\hotspot\src\share\vm\prims\jni.cpp, line 710]

Events (10 events):
Event: 16164.202 Executing VM operation: RevokeBias done
Event: 16164.220 Thread 0x0000000015e55800 flushing nmethod 0x00000000058a98d0
Event: 16164.220 Thread 0x0000000015e55800 flushing nmethod 0x00000000058adf10
Event: 16164.227 Thread 0x0000000015e55800 flushing nmethod 0x00000000059fb990
Event: 16164.241 Thread 0x0000000015e55800 flushing nmethod 0x0000000005bb16d0
Event: 16164.249 Thread 0x000000001c5d3800 Thread added: 0x000000001c5d3800
Event: 16164.251 Thread 0x0000000015e55800 flushing nmethod 0x0000000005d7d650
Event: 16164.255 Thread 0x000000001c5d4800 Thread added: 0x000000001c5d4800
Event: 16164.258 Thread 0x0000000015e55800 flushing nmethod 0x000000000601c990
Event: 16164.547 Executing VM operation: ParallelGCFailedAllocation


Dynamic libraries:
0x00007ff634520000 - 0x00007ff634557000 	C:\Program Files\Java\jdk1.8.0_221\bin\java.exe
0x00007ffee6b20000 - 0x00007ffee6d10000 	C:\Windows\SYSTEM32\ntdll.dll
0x00007ffee5050000 - 0x00007ffee5102000 	C:\Windows\System32\KERNEL32.DLL
0x00007ffee4330000 - 0x00007ffee45d5000 	C:\Windows\System32\KERNELBASE.dll
0x00007ffee6560000 - 0x00007ffee6603000 	C:\Windows\System32\ADVAPI32.dll
0x00007ffee6610000 - 0x00007ffee66ae000 	C:\Windows\System32\msvcrt.dll
0x00007ffee52e0000 - 0x00007ffee5377000 	C:\Windows\System32\sechost.dll
0x00007ffee68e0000 - 0x00007ffee6a00000 	C:\Windows\System32\RPCRT4.dll
0x00007ffee61f0000 - 0x00007ffee6385000 	C:\Windows\System32\USER32.dll
0x00007ffee4a00000 - 0x00007ffee4a21000 	C:\Windows\System32\win32u.dll
0x00007ffee59c0000 - 0x00007ffee59e6000 	C:\Windows\System32\GDI32.dll
0x00007ffee45e0000 - 0x00007ffee4776000 	C:\Windows\System32\gdi32full.dll
0x00007ffee4b30000 - 0x00007ffee4bce000 	C:\Windows\System32\msvcp_win.dll
0x00007ffee47b0000 - 0x00007ffee48aa000 	C:\Windows\System32\ucrtbase.dll
0x00007ffed4660000 - 0x00007ffed48e4000 	C:\Windows\WinSxS\amd64_microsoft.windows.common-controls_6595b64144ccf1df_6.0.18362.1082_none_9e8193e1e45b25c1\COMCTL32.dll
0x00007ffee54d0000 - 0x00007ffee5805000 	C:\Windows\System32\combase.dll
0x00007ffee3ab0000 - 0x00007ffee3b30000 	C:\Windows\System32\bcryptPrimitives.dll
0x00007ffee59f0000 - 0x00007ffee5a1e000 	C:\Windows\System32\IMM32.DLL
0x0000000068650000 - 0x0000000068722000 	C:\Program Files\Java\jdk1.8.0_221\jre\bin\msvcr100.dll
0x00000000673b0000 - 0x0000000067c55000 	C:\Program Files\Java\jdk1.8.0_221\jre\bin\server\jvm.dll
0x00007ffee6810000 - 0x00007ffee6818000 	C:\Windows\System32\PSAPI.DLL
0x00007ffedb800000 - 0x00007ffedb80a000 	C:\Windows\SYSTEM32\VERSION.dll
0x00007ffee0340000 - 0x00007ffee0364000 	C:\Windows\SYSTEM32\WINMM.dll
0x00007ffedaca0000 - 0x00007ffedaca9000 	C:\Windows\SYSTEM32\WSOCK32.dll
0x00007ffee5950000 - 0x00007ffee59bf000 	C:\Windows\System32\WS2_32.dll
0x00007ffee0310000 - 0x00007ffee033d000 	C:\Windows\SYSTEM32\WINMMBASE.dll
0x00007ffee4a30000 - 0x00007ffee4a7a000 	C:\Windows\System32\cfgmgr32.dll
0x00007ffee0760000 - 0x00007ffee076f000 	C:\Program Files\Java\jdk1.8.0_221\jre\bin\verify.dll
0x00007ffed4160000 - 0x00007ffed4189000 	C:\Program Files\Java\jdk1.8.0_221\jre\bin\java.dll
0x00007ffeaac50000 - 0x00007ffeaac66000 	C:\Program Files\Java\jdk1.8.0_221\jre\bin\zip.dll
0x00007ffee5af0000 - 0x00007ffee61d7000 	C:\Windows\System32\SHELL32.dll
0x00007ffee5110000 - 0x00007ffee51b9000 	C:\Windows\System32\shcore.dll
0x00007ffee3b50000 - 0x00007ffee42d0000 	C:\Windows\System32\windows.storage.dll
0x00007ffee3a80000 - 0x00007ffee3aa3000 	C:\Windows\System32\profapi.dll
0x00007ffee3a10000 - 0x00007ffee3a5a000 	C:\Windows\System32\powrprof.dll
0x00007ffee39e0000 - 0x00007ffee39f0000 	C:\Windows\System32\UMPDC.dll
0x00007ffee6a80000 - 0x00007ffee6ad2000 	C:\Windows\System32\shlwapi.dll
0x00007ffee39f0000 - 0x00007ffee3a01000 	C:\Windows\System32\kernel.appcore.dll
0x00007ffee3b30000 - 0x00007ffee3b47000 	C:\Windows\System32\cryptsp.dll
0x00007ffeaac30000 - 0x00007ffeaac4a000 	C:\Program Files\Java\jdk1.8.0_221\jre\bin\net.dll
0x00007ffed4d80000 - 0x00007ffed4f56000 	C:\Windows\SYSTEM32\urlmon.dll
0x00007ffed2db0000 - 0x00007ffed3056000 	C:\Windows\SYSTEM32\iertutil.dll
0x00007ffee3400000 - 0x00007ffee340c000 	C:\Windows\SYSTEM32\CRYPTBASE.DLL
0x00007ffee3230000 - 0x00007ffee3297000 	C:\Windows\system32\mswsock.dll
0x00007ffe956f0000 - 0x00007ffe95702000 	C:\Program Files\Java\jdk1.8.0_221\jre\bin\nio.dll
0x00007ffecaac0000 - 0x00007ffecaae6000 	C:\Users\acer\.gradle\native\30\windows-amd64\native-platform.dll
0x00007ffed32f0000 - 0x00007ffed32fd000 	C:\Program Files\Java\jdk1.8.0_221\jre\bin\management.dll
0x00007ffee2da0000 - 0x00007ffee2dd3000 	C:\Windows\system32\rsaenh.dll
0x00007ffee4780000 - 0x00007ffee47a6000 	C:\Windows\System32\bcrypt.dll
0x00007ffee3900000 - 0x00007ffee3925000 	C:\Windows\SYSTEM32\USERENV.dll
0x00007ffee2f40000 - 0x00007ffee2f7a000 	C:\Windows\SYSTEM32\IPHLPAPI.DLL
0x00007ffee4bd0000 - 0x00007ffee4bd8000 	C:\Windows\System32\NSI.dll
0x00007ffedb860000 - 0x00007ffedb876000 	C:\Windows\SYSTEM32\dhcpcsvc6.DLL
0x00007ffedbb90000 - 0x00007ffedbbac000 	C:\Windows\SYSTEM32\dhcpcsvc.DLL
0x00007ffee2f80000 - 0x00007ffee304b000 	C:\Windows\SYSTEM32\DNSAPI.dll
0x00007ffec14c0000 - 0x00007ffec16b4000 	C:\Windows\SYSTEM32\dbghelp.dll

VM Arguments:
jvm_args: -XX:MaxMetaspaceSize=256m -XX:+HeapDumpOnOutOfMemoryError -Xms256m -Xmx512m -Dfile.encoding=x-windows-874 -Duser.country=US -Duser.language=en -Duser.variant 
java_command: org.gradle.launcher.daemon.bootstrap.GradleDaemon 6.0.1
java_class_path (initial): C:\Users\acer\.gradle\wrapper\dists\gradle-6.0.1-bin\1lxlpkiy24sb18odw96cp4ojv\gradle-6.0.1\lib\gradle-launcher-6.0.1.jar
Launcher Type: SUN_STANDARD

Environment Variables:
JAVA_HOME=C:\Program Files\Java\jdk1.8.0_221
CLASSPATH=D:\Vue-Project\backend\\gradle\wrapper\gradle-wrapper.jar
PATH=C:\Program Files (x86)\Common Files\Oracle\Java\javapath;C:\Windows\system32;C:\Windows;C:\Windows\System32\Wbem;C:\Windows\System32\WindowsPowerShell\v1.0\;C:\Windows\System32\OpenSSH\;C:\Program Files (x86)\NVIDIA Corporation\PhysX\Common;C:\Program Files\NVIDIA Corporation\NVIDIA NvDLISR;C:\Program Files\nodejs\;C:\Program Files (x86)\Yarn\bin\;C:\Program Files\Git\cmd;C:\Program Files\Java\jdk1.8.0_221\bin;C:\Program Files\Java\jre1.8.0_251\bin;C:\Users\acer\AppData\Local\Microsoft\WindowsApps;C:\Users\acer\AppData\Roaming\npm;C:\Users\acer\AppData\Local\Yarn\bin;C:\Users\acer\AppData\Local\Programs\Microsoft VS Code\bin
USERNAME=acer
OS=Windows_NT
PROCESSOR_IDENTIFIER=Intel64 Family 6 Model 158 Stepping 9, GenuineIntel



---------------  S Y S T E M  ---------------

OS: Windows 10.0 , 64 bit Build 18362 (10.0.18362.1082)

CPU:total 8 (initial active 8) (4 cores per cpu, 2 threads per core) family 6 model 158 stepping 9, cmov, cx8, fxsr, mmx, sse, sse2, sse3, ssse3, sse4.1, sse4.2, popcnt, avx, avx2, aes, clmul, erms, 3dnowpref, lzcnt, ht, tsc, tscinvbit, bmi1, bmi2, adx

Memory: 4k page, physical 8269412k(399284k free), swap 33435236k(10167444k free)

vm_info: Java HotSpot(TM) 64-Bit Server VM (25.221-b11) for windows-amd64 JRE (1.8.0_221-b11), built on Jul  4 2019 04:39:29 by "java_re" with MS VC++ 10.0 (VS2010)

time: Thu Oct 08 05:49:10 2020
timezone: SE Asia Standard Time
elapsed time: 16164 seconds (0d 4h 29m 24s)

